[0m15:01:42.733543 [debug] [MainThread]: Sending event: {'category': 'dbt', 'action': 'invocation', 'label': 'start', 'context': [<snowplow_tracker.self_describing_json.SelfDescribingJson object at 0x00000138B22201A0>, <snowplow_tracker.self_describing_json.SelfDescribingJson object at 0x00000138AFD65A90>, <snowplow_tracker.self_describing_json.SelfDescribingJson object at 0x00000138B324FC50>]}


============================== 15:01:42.828786 | 0be1cf87-5a0c-441f-8ef8-c6901a794634 ==============================
[0m15:01:42.828786 [info ] [MainThread]: Running with dbt=1.10.10
[0m15:01:42.830605 [debug] [MainThread]: running dbt with arguments {'partial_parse': 'True', 'profiles_dir': 'C:\\Users\\lavou\\.dbt', 'send_anonymous_usage_stats': 'True', 'version_check': 'True', 'cache_selected_only': 'False', 'target_path': 'None', 'use_colors': 'True', 'invocation_command': 'dbt init', 'log_format': 'default', 'warn_error': 'None', 'introspect': 'True', 'debug': 'False', 'printer_width': '80', 'fail_fast': 'False', 'no_print': 'None', 'quiet': 'False', 'use_experimental_parser': 'False', 'empty': 'None', 'log_cache_events': 'False', 'indirect_selection': 'eager', 'log_path': 'logs', 'write_json': 'True', 'warn_error_options': 'WarnErrorOptionsV2(error=[], warn=[], silence=[])', 'static_parser': 'True'}
[0m15:01:43.012256 [info ] [MainThread]: Creating dbt configuration folder at C:\Users\lavou\.dbt
[0m15:01:55.471137 [debug] [MainThread]: Starter project path: C:\Users\lavou\Downloads\dbt\.venv\Lib\site-packages\dbt\include\starter_project
[0m15:01:55.501792 [info ] [MainThread]: 
Your new dbt project "Adam_dbt" was created!

For more information on how to configure the profiles.yml file,
please consult the dbt documentation here:

  https://docs.getdbt.com/docs/configure-your-profile

One more thing:

Need help? Don't hesitate to reach out to us via GitHub issues or on Slack:

  https://community.getdbt.com/

Happy modeling!

[0m15:01:55.502534 [info ] [MainThread]: Setting up your profile.
[0m15:02:32.359030 [debug] [MainThread]: Spark adapter: Setting pyhive.hive logging to ERROR
[0m15:02:32.359769 [debug] [MainThread]: Spark adapter: Setting thrift.transport logging to ERROR
[0m15:02:32.360135 [debug] [MainThread]: Spark adapter: Setting thrift.protocol logging to ERROR
[0m15:07:11.943102 [info ] [MainThread]: Profile Adam_dbt written to C:\Users\lavou\.dbt\profiles.yml using target's profile_template.yml and your supplied values. Run 'dbt debug' to validate the connection.
[0m15:07:11.944824 [debug] [MainThread]: Command `dbt init` succeeded at 15:07:11.944674 after 329.65 seconds
[0m15:07:11.945275 [debug] [MainThread]: Sending event: {'category': 'dbt', 'action': 'invocation', 'label': 'end', 'context': [<snowplow_tracker.self_describing_json.SelfDescribingJson object at 0x00000138B32EA060>, <snowplow_tracker.self_describing_json.SelfDescribingJson object at 0x00000138B331A8D0>, <snowplow_tracker.self_describing_json.SelfDescribingJson object at 0x00000138B64645A0>]}
[0m15:07:11.945752 [debug] [MainThread]: Flushing usage events
[0m15:07:14.623125 [debug] [MainThread]: An error was encountered while trying to flush usage events
[0m15:07:51.021483 [debug] [MainThread]: Sending event: {'category': 'dbt', 'action': 'invocation', 'label': 'start', 'context': [<snowplow_tracker.self_describing_json.SelfDescribingJson object at 0x000002216AC401A0>, <snowplow_tracker.self_describing_json.SelfDescribingJson object at 0x00000221687C1A90>, <snowplow_tracker.self_describing_json.SelfDescribingJson object at 0x000002216BC6FC50>]}


============================== 15:07:51.035988 | 70995f74-c129-4767-8767-c89a2a1a2465 ==============================
[0m15:07:51.035988 [info ] [MainThread]: Running with dbt=1.10.10
[0m15:07:51.036794 [debug] [MainThread]: running dbt with arguments {'partial_parse': 'True', 'profiles_dir': 'C:\\Users\\lavou\\.dbt', 'send_anonymous_usage_stats': 'True', 'version_check': 'True', 'cache_selected_only': 'False', 'target_path': 'None', 'warn_error': 'None', 'invocation_command': 'dbt debug', 'log_format': 'default', 'use_colors': 'True', 'introspect': 'True', 'debug': 'False', 'printer_width': '80', 'fail_fast': 'False', 'no_print': 'None', 'quiet': 'False', 'log_cache_events': 'False', 'use_experimental_parser': 'False', 'empty': 'None', 'log_path': 'logs', 'indirect_selection': 'eager', 'write_json': 'True', 'static_parser': 'True', 'warn_error_options': 'WarnErrorOptionsV2(error=[], warn=[], silence=[])'}
[0m15:07:51.133269 [info ] [MainThread]: dbt version: 1.10.10
[0m15:07:51.133919 [info ] [MainThread]: python version: 3.13.0
[0m15:07:51.134458 [info ] [MainThread]: python path: C:\Users\lavou\Downloads\dbt\.venv\Scripts\python.exe
[0m15:07:51.135000 [info ] [MainThread]: os info: Windows-11-10.0.26100-SP0
[0m15:07:53.005308 [debug] [MainThread]: Spark adapter: Setting pyhive.hive logging to ERROR
[0m15:07:53.005833 [debug] [MainThread]: Spark adapter: Setting thrift.transport logging to ERROR
[0m15:07:53.006205 [debug] [MainThread]: Spark adapter: Setting thrift.protocol logging to ERROR
[0m15:07:58.560143 [info ] [MainThread]: Using profiles dir at C:\Users\lavou\.dbt
[0m15:07:58.560839 [info ] [MainThread]: Using profiles.yml file at C:\Users\lavou\.dbt\profiles.yml
[0m15:07:58.561385 [info ] [MainThread]: Using dbt_project.yml file at C:\Users\lavou\Downloads\dbt\dbt_project.yml
[0m15:07:58.561919 [info ] [MainThread]: adapter type: databricks
[0m15:07:58.562454 [info ] [MainThread]: adapter version: 1.10.9
[0m15:07:58.563047 [info ] [MainThread]: Configuration:
[0m15:07:58.563588 [info ] [MainThread]:   profiles.yml file [[32mOK found and valid[0m]
[0m15:07:58.564127 [info ] [MainThread]:   dbt_project.yml file [[31mERROR not found[0m]
[0m15:07:58.564656 [info ] [MainThread]: Required dependencies:
[0m15:07:58.565198 [debug] [MainThread]: Executing "git --help"
[0m15:07:58.619575 [debug] [MainThread]: STDOUT: "b"usage: git [-v | --version] [-h | --help] [-C <path>] [-c <name>=<value>]\n           [--exec-path[=<path>]] [--html-path] [--man-path] [--info-path]\n           [-p | --paginate | -P | --no-pager] [--no-replace-objects] [--no-lazy-fetch]\n           [--no-optional-locks] [--no-advice] [--bare] [--git-dir=<path>]\n           [--work-tree=<path>] [--namespace=<name>] [--config-env=<name>=<envvar>]\n           <command> [<args>]\n\nThese are common Git commands used in various situations:\n\nstart a working area (see also: git help tutorial)\n   clone      Clone a repository into a new directory\n   init       Create an empty Git repository or reinitialize an existing one\n\nwork on the current change (see also: git help everyday)\n   add        Add file contents to the index\n   mv         Move or rename a file, a directory, or a symlink\n   restore    Restore working tree files\n   rm         Remove files from the working tree and from the index\n\nexamine the history and state (see also: git help revisions)\n   bisect     Use binary search to find the commit that introduced a bug\n   diff       Show changes between commits, commit and working tree, etc\n   grep       Print lines matching a pattern\n   log        Show commit logs\n   show       Show various types of objects\n   status     Show the working tree status\n\ngrow, mark and tweak your common history\n   backfill   Download missing objects in a partial clone\n   branch     List, create, or delete branches\n   commit     Record changes to the repository\n   merge      Join two or more development histories together\n   rebase     Reapply commits on top of another base tip\n   reset      Reset current HEAD to the specified state\n   switch     Switch branches\n   tag        Create, list, delete or verify a tag object signed with GPG\n\ncollaborate (see also: git help workflows)\n   fetch      Download objects and refs from another repository\n   pull       Fetch from and integrate with another repository or a local branch\n   push       Update remote refs along with associated objects\n\n'git help -a' and 'git help -g' list available subcommands and some\nconcept guides. See 'git help <command>' or 'git help <concept>'\nto read about a specific subcommand or concept.\nSee 'git help git' for an overview of the system.\n""
[0m15:07:58.620118 [debug] [MainThread]: STDERR: "b''"
[0m15:07:58.620472 [info ] [MainThread]:  - git [[32mOK found[0m]

[0m15:07:58.621063 [info ] [MainThread]: Connection:
[0m15:07:58.621927 [info ] [MainThread]:   host: dbc-c8129fac-b580.cloud.databricks.com
[0m15:07:58.623532 [info ] [MainThread]:   http_path: /sql/1.0/warehouses/15b57b8363943746
[0m15:07:58.624198 [info ] [MainThread]:   catalog: dbt
[0m15:07:58.624926 [info ] [MainThread]:   schema: default
[0m15:07:58.625653 [info ] [MainThread]: Registered adapter: databricks=1.10.9
[0m15:07:59.682730 [debug] [MainThread]: Databricks adapter: DatabricksDBTConnection(session-id=None, name=debug) - Creating connection
[0m15:07:59.683146 [debug] [MainThread]: Acquiring new databricks connection 'debug'
[0m15:07:59.683480 [debug] [MainThread]: Using databricks connection "debug"
[0m15:07:59.683823 [debug] [MainThread]: On debug: select 1 as id
[0m15:07:59.684138 [debug] [MainThread]: Opening a new connection, currently in state init
[0m15:08:02.246875 [debug] [MainThread]: Databricks adapter: Connection(session-id=01f087cb-912d-11fe-8df2-dce5eeceec71) - Created
[0m15:08:02.783542 [debug] [MainThread]: SQL status: OK in 3.100 seconds
[0m15:08:02.784554 [debug] [MainThread]: Databricks adapter: Cursor(session-id=01f087cb-912d-11fe-8df2-dce5eeceec71, command-id=01f087cb-9152-1405-9a58-9ada6594b5d4) - Closing
[0m15:08:02.785547 [debug] [MainThread]: On debug: Close
[0m15:08:02.785938 [debug] [MainThread]: Databricks adapter: Connection(session-id=01f087cb-912d-11fe-8df2-dce5eeceec71) - Closing
[0m15:08:03.033557 [info ] [MainThread]:   Connection test: [[32mOK connection ok[0m]

[0m15:08:03.034258 [info ] [MainThread]: [31m1 check failed:[0m
[0m15:08:03.034809 [info ] [MainThread]: Project loading failed for the following reason:
 project path <C:\Users\lavou\Downloads\dbt\dbt_project.yml> not found

[0m15:08:03.035916 [debug] [MainThread]: Command `dbt debug` failed at 15:08:03.035790 after 12.29 seconds
[0m15:08:03.036351 [debug] [MainThread]: Sending event: {'category': 'dbt', 'action': 'invocation', 'label': 'end', 'context': [<snowplow_tracker.self_describing_json.SelfDescribingJson object at 0x00000221081675C0>, <snowplow_tracker.self_describing_json.SelfDescribingJson object at 0x000002210823DFD0>, <snowplow_tracker.self_describing_json.SelfDescribingJson object at 0x000002216E39CD10>]}
[0m15:08:03.036850 [debug] [MainThread]: Flushing usage events
[0m15:08:04.815976 [debug] [MainThread]: An error was encountered while trying to flush usage events
[0m09:18:42.704420 [debug] [MainThread]: Sending event: {'category': 'dbt', 'action': 'invocation', 'label': 'start', 'context': [<snowplow_tracker.self_describing_json.SelfDescribingJson object at 0x0000023AA83701A0>, <snowplow_tracker.self_describing_json.SelfDescribingJson object at 0x0000023AA5EFDA90>, <snowplow_tracker.self_describing_json.SelfDescribingJson object at 0x0000023AA93A7C50>]}


============================== 09:18:42.724096 | 2430c5de-9d41-41b0-bfa0-b1e7f10f2ef2 ==============================
[0m09:18:42.724096 [info ] [MainThread]: Running with dbt=1.10.10
[0m09:18:42.725070 [debug] [MainThread]: running dbt with arguments {'partial_parse': 'True', 'write_json': 'True', 'send_anonymous_usage_stats': 'True', 'warn_error': 'None', 'cache_selected_only': 'False', 'target_path': 'None', 'version_check': 'True', 'invocation_command': 'dbt run', 'log_format': 'default', 'use_colors': 'True', 'introspect': 'True', 'debug': 'False', 'printer_width': '80', 'fail_fast': 'False', 'no_print': 'None', 'empty': 'False', 'quiet': 'False', 'use_experimental_parser': 'False', 'log_cache_events': 'False', 'indirect_selection': 'eager', 'log_path': 'logs', 'profiles_dir': 'C:\\Users\\lavou\\.dbt', 'static_parser': 'True', 'warn_error_options': 'WarnErrorOptionsV2(error=[], warn=[], silence=[])'}
[0m09:18:42.725804 [error] [MainThread]: Encountered an error:
Runtime Error
  No dbt_project.yml found at expected path C:\Users\lavou\Downloads\dbt\dbt_project.yml
  Verify that each entry within packages.yml (and their transitive dependencies) contains a file named dbt_project.yml
  
[0m09:18:42.727108 [debug] [MainThread]: Command `dbt run` failed at 09:18:42.726924 after 0.29 seconds
[0m09:18:42.727665 [debug] [MainThread]: Sending event: {'category': 'dbt', 'action': 'invocation', 'label': 'end', 'context': [<snowplow_tracker.self_describing_json.SelfDescribingJson object at 0x0000023AA92876F0>, <snowplow_tracker.self_describing_json.SelfDescribingJson object at 0x0000023AA92B20F0>, <snowplow_tracker.self_describing_json.SelfDescribingJson object at 0x0000023AA923D8C0>]}
[0m09:18:42.728248 [debug] [MainThread]: Flushing usage events
[0m09:18:44.695821 [debug] [MainThread]: An error was encountered while trying to flush usage events
